<?xml version="1.0" encoding="UTF-8"?>
<!-- Generated by org.testng.reporters.JUnitReportReporter -->
<testsuite skipped="0" hostname="SHRUTI-PC" name="basic.MyfirstTNG" tests="1" failures="0" timestamp="30 Apr 2019 07:54:52 GMT" time="0.000" errors="0">
  <testcase name="m1" time="0.000" classname="basic.MyfirstTNG"/>
</testsuite> <!-- basic.MyfirstTNG -->
